0 info it worked if it ends with ok
1 verbose cli [ 'C:\\Program Files\\nodejs\\node.exe',
1 verbose cli   'C:\\Program Files\\nodejs\\node_modules\\npm\\bin\\npm-cli.js',
1 verbose cli   'start' ]
2 info using npm@3.10.10
3 info using node@v6.9.5
4 verbose run-script [ 'prestart', 'start', 'poststart' ]
5 info lifecycle smb-v2@0.0.0~prestart: smb-v2@0.0.0
6 silly lifecycle smb-v2@0.0.0~prestart: no script for prestart, continuing
7 info lifecycle smb-v2@0.0.0~start: smb-v2@0.0.0
8 verbose lifecycle smb-v2@0.0.0~start: unsafe-perm in lifecycle true
9 verbose lifecycle smb-v2@0.0.0~start: PATH: C:\Program Files\nodejs\node_modules\npm\bin\node-gyp-bin;C:\Users\Win8ENT\Desktop\SMB\SMB-v2\node_modules\.bin;C:\Program Files (x86)\NVIDIA Corporation\PhysX\Common;C:\ProgramData\Oracle\Java\javapath;C:\WINDOWS\system32;C:\WINDOWS;C:\WINDOWS\System32\Wbem;C:\WINDOWS\System32\WindowsPowerShell\v1.0\;C:\Program Files (x86)\Skype\Phone\;C:\MinGW\bin;C:\Program Files (x86)\PuTTY\;C:\Program Files\nodejs\;C:\Users\Win8ENT\AppData\Roaming\npm\node_modules\http-server;C:\Users\Win8ENT\AppData\Roaming\npm;C:\hasura;D:\python;C:\Program Files\Git\bin;C:\Program Files\Java\jdk1.8.0_51\bin\;C:\Users\Win8ENT\AppData\Local\Google\Cloud SDK\google-cloud-sdk\bin;d:\Program Files\Heroku\bin;D:\Heroku\bin;C:\Program Files\PostgreSQL\10\bin;C:\Program Files\PostgreSQL\10\lib;
10 verbose lifecycle smb-v2@0.0.0~start: CWD: C:\Users\Win8ENT\Desktop\SMB\SMB-v2
11 silly lifecycle smb-v2@0.0.0~start: Args: [ '/d /s /c', 'nodemon ./bin/www' ]
12 silly lifecycle smb-v2@0.0.0~start: Returned: code: 3221225786  signal: null
13 info lifecycle smb-v2@0.0.0~start: Failed to exec start script
14 verbose stack Error: smb-v2@0.0.0 start: `nodemon ./bin/www`
14 verbose stack Exit status 3221225786
14 verbose stack     at EventEmitter.<anonymous> (C:\Program Files\nodejs\node_modules\npm\lib\utils\lifecycle.js:255:16)
14 verbose stack     at emitTwo (events.js:106:13)
14 verbose stack     at EventEmitter.emit (events.js:191:7)
14 verbose stack     at ChildProcess.<anonymous> (C:\Program Files\nodejs\node_modules\npm\lib\utils\spawn.js:40:14)
14 verbose stack     at emitTwo (events.js:106:13)
14 verbose stack     at ChildProcess.emit (events.js:191:7)
14 verbose stack     at maybeClose (internal/child_process.js:877:16)
14 verbose stack     at Process.ChildProcess._handle.onexit (internal/child_process.js:226:5)
15 verbose pkgid smb-v2@0.0.0
16 verbose cwd C:\Users\Win8ENT\Desktop\SMB\SMB-v2
17 error Windows_NT 6.3.9600
18 error argv "C:\\Program Files\\nodejs\\node.exe" "C:\\Program Files\\nodejs\\node_modules\\npm\\bin\\npm-cli.js" "start"
19 error node v6.9.5
20 error npm  v3.10.10
21 error code ELIFECYCLE
22 error smb-v2@0.0.0 start: `nodemon ./bin/www`
22 error Exit status 3221225786
23 error Failed at the smb-v2@0.0.0 start script 'nodemon ./bin/www'.
23 error Make sure you have the latest version of node.js and npm installed.
23 error If you do, this is most likely a problem with the smb-v2 package,
23 error not with npm itself.
23 error Tell the author that this fails on your system:
23 error     nodemon ./bin/www
23 error You can get information on how to open an issue for this project with:
23 error     npm bugs smb-v2
23 error Or if that isn't available, you can get their info via:
23 error     npm owner ls smb-v2
23 error There is likely additional logging output above.
24 verbose exit [ 1, true ]
